     1                                  ; NAME
     2                                  ; Assignment
     3                                  ; Date
     4                                  ; Etc...
     5                                  
     6                                  SECTION .data
     7                                  ; define data/variables here.  Think DB, DW, DD, DQ
     8 00000000 010000000200000003-     array1: dd      1,2,3,4,5
     9 00000009 000000040000000500-
    10 00000012 0000               
    11                                  len1:   EQU     ($-array1)
    12                                  
    13                                  
    14 00000014 F6FFFFFFF7FFFFFFF8-     array2: dd      -10, -9,-8,-7,-6,-5,-4,-3,-2,-1,0,1,2,3,4,5,6,7,8,9
    15 0000001D FFFFFFF9FFFFFFFAFF-
    16 00000026 FFFFFBFFFFFFFCFFFF-
    17 0000002F FFFDFFFFFFFEFFFFFF-
    18 00000038 FFFFFFFF0000000001-
    19 00000041 000000020000000300-
    20 0000004A 000004000000050000-
    21 00000053 000600000007000000-
    22 0000005C 0800000009000000   
    23                                  len2:   EQU     ($-array2)
    24                                  
    25                                  
    26 00000064 000000000A00000014-     array3: dd  0,10,20,30,40,50,60,70,80,90
    27 0000006D 0000001E0000002800-
    28 00000076 0000320000003C0000-
    29 0000007F 004600000050000000-
    30 00000088 5A000000           
    31 0000008C 640000006E00000078-       dd  100,110,120,130,140,150,160,170,180,190
    32 00000095 000000820000008C00-
    33 0000009E 000096000000A00000-
    34 000000A7 00AA000000B4000000-
    35 000000B0 BE000000           
    36 000000B4 C8000000D2000000DC-       dd  200,210,220,230,240,250,260,270,280,290
    37 000000BD 000000E6000000F000-
    38 000000C6 0000FA000000040100-
    39 000000CF 000E01000018010000-
    40 000000D8 22010000           
    41 000000DC 2C0100003601000040-       dd  300,310,320,330,340,350,360,370,380,390
    42 000000E5 0100004A0100005401-
    43 000000EE 00005E010000680100-
    44 000000F7 00720100007C010000-
    45 00000100 86010000           
    46 00000104 900100009A010000A4-       dd  400,410,420,430,440,450,460,470,480,490,500
    47 0000010D 010000AE010000B801-
    48 00000116 0000C2010000CC0100-
    49 0000011F 00D6010000E0010000-
    50 00000128 EA010000F4010000   
    51                                  len3:   EQU     ($-array3)
    52                                  
    53                                  SECTION .bss
    54                                  ; define uninitialized data here
    55                                  
    56                                  SECTION .text
    57                                  global _main
    58                                  _main:
    59                                  
    60                                  ; parameter passing for reverse
    61 00000000 BB[00000000]            	mov ebx, array1
    62 00000005 B914000000              	mov ecx, len1
    63 0000000A C1E902                  	shr ecx, 2 ; divides ecx by 4, each shr divides it by 2
    64 0000000D E830000000              	call rev
    65                                  
    66 00000012 BB[14000000]            	mov ebx, array2
    67 00000017 B950000000              	mov ecx, len2
    68 0000001C C1E902                  	shr ecx, 2
    69 0000001F E81E000000              	call rev
    70                                  
    71 00000024 BB[64000000]            	mov ebx, array3
    72 00000029 B9CC000000              	mov ecx, len3
    73 0000002E C1E902                  	shr ecx, 2
    74 00000031 E80C000000              	call rev
    75                                  
    76                                  lastBreak:
    77                                  ; Normal termination code
    78 00000036 B801000000              mov eax, 1
    79 0000003B BB00000000              mov ebx, 0
    80 00000040 CD80                    int 80h
    81                                  
    82                                  
    83                                  ;;reverse array function is passed ebx pointing to array and ecx having the number of elements in the array
    84                                  rev:
    85 00000042 60                      	pusha
    86 00000043 89DF                    	mov edi, ebx
    87 00000045 89C8                    	mov eax, ecx
    88                                  
    89                                  	pushLoop:
    90 00000047 FF33                    		push dword[ebx]
    91 00000049 83C304                  		add ebx, 4
    92 0000004C E2F9                    	loop pushLoop
    93                                  
    94 0000004E 89C1                    	mov ecx, eax
    95 00000050 89FB                    	mov ebx, edi
    96                                  	
    97                                  	popLoop:
    98 00000052 8F03                    		pop dword[ebx]
    99 00000054 83C304                  		add ebx, 4
   100 00000057 E2F9                    	loop popLoop
   101                                  		
   102 00000059 61                      	popa
   103 0000005A C3                      ret
